<?xml version="1.0" encoding="UTF-8"?>
<testsuite name="shapes.AppTest" tests="1" skipped="0" failures="0" errors="0" timestamp="2021-10-13T06:22:20" hostname="Coopers-Air.modem" time="0.085">
  <properties/>
  <testcase name="squareGetX()" classname="shapes.AppTest" time="0.085"/>
  <system-out><![CDATA[]]></system-out>
  <system-err><![CDATA[]]></system-err>
</testsuite>
